2016-01-19 17:42:08,447 connected: local:/0:0:0:0:0:0:0:1%0:61613, remote:/0:0:0:0:0:0:0:1%0:51268
2016-01-19 17:42:08,504 connected: local:/0:0:0:0:0:0:0:1%0:61613, remote:/0:0:0:0:0:0:0:1%0:51268
2016-01-19 17:48:20,426 connected: local:/0:0:0:0:0:0:0:1%0:61613, remote:/0:0:0:0:0:0:0:1%0:51294
2016-01-19 17:48:20,448 connected: local:/0:0:0:0:0:0:0:1%0:61613, remote:/0:0:0:0:0:0:0:1%0:51294
2016-01-19 17:50:20,700 Shutting connection '/0:0:0:0:0:0:0:1%0:51268'  down due to: java.io.EOFException: Peer disconnected
2016-01-19 17:50:20,721 disconnected: local:/0:0:0:0:0:0:0:1%0:61613, remote:/0:0:0:0:0:0:0:1%0:51268
2016-01-19 17:50:20,721 disconnected: local:/0:0:0:0:0:0:0:1%0:61613, remote:/0:0:0:0:0:0:0:1%0:51294
2016-01-19 17:50:29,731 connected: local:/0:0:0:0:0:0:0:1%0:61613, remote:/0:0:0:0:0:0:0:1%0:51311
2016-01-19 17:50:29,755 connected: local:/0:0:0:0:0:0:0:1%0:61613, remote:/0:0:0:0:0:0:0:1%0:51311
2016-01-19 17:50:34,239 connected: local:/0:0:0:0:0:0:0:1%0:61613, remote:/0:0:0:0:0:0:0:1%0:51312
2016-01-19 17:50:34,240 connected: local:/0:0:0:0:0:0:0:1%0:61613, remote:/0:0:0:0:0:0:0:1%0:51312
2016-01-19 17:51:23,427 disconnected: local:/0:0:0:0:0:0:0:1%0:61613, remote:/0:0:0:0:0:0:0:1%0:51312
2016-01-19 17:51:23,450 Shutting connection '/0:0:0:0:0:0:0:1%0:51311'  down due to: java.io.EOFException: Peer disconnected
2016-01-19 17:51:23,451 disconnected: local:/0:0:0:0:0:0:0:1%0:61613, remote:/0:0:0:0:0:0:0:1%0:51311
2016-01-19 17:51:34,188 connected: local:/0:0:0:0:0:0:0:1%0:61613, remote:/0:0:0:0:0:0:0:1%0:51313
2016-01-19 17:51:34,189 connected: local:/0:0:0:0:0:0:0:1%0:61613, remote:/0:0:0:0:0:0:0:1%0:51313
2016-01-19 17:51:36,863 connected: local:/0:0:0:0:0:0:0:1%0:61613, remote:/0:0:0:0:0:0:0:1%0:51314
2016-01-19 17:51:36,864 connected: local:/0:0:0:0:0:0:0:1%0:61613, remote:/0:0:0:0:0:0:0:1%0:51314
2016-01-19 17:51:53,059 disconnected: local:/0:0:0:0:0:0:0:1%0:61613, remote:/0:0:0:0:0:0:0:1%0:51314
2016-01-19 17:51:53,095 Shutting connection '/0:0:0:0:0:0:0:1%0:51313'  down due to: java.io.EOFException: Peer disconnected
2016-01-19 17:51:53,095 disconnected: local:/0:0:0:0:0:0:0:1%0:61613, remote:/0:0:0:0:0:0:0:1%0:51313
2016-01-19 18:04:29,483 connected: local:/127.0.0.1:61613, remote:/127.0.0.1:51358
2016-01-19 18:04:29,597 connected: local:/127.0.0.1:61613, remote:/127.0.0.1:51358
2016-01-19 18:04:45,568 connected: local:/0:0:0:0:0:0:0:1%0:61613, remote:/0:0:0:0:0:0:0:1%0:51359
2016-01-19 18:04:45,615 connected: local:/0:0:0:0:0:0:0:1%0:61613, remote:/0:0:0:0:0:0:0:1%0:51359
2016-01-19 18:05:40,394 connected: local:/0:0:0:0:0:0:0:1%0:61613, remote:/0:0:0:0:0:0:0:1%0:51364
2016-01-19 18:05:40,418 connected: local:/0:0:0:0:0:0:0:1%0:61613, remote:/0:0:0:0:0:0:0:1%0:51364
2016-01-19 18:05:54,438 connected: local:/127.0.0.1:61613, remote:/127.0.0.1:51365
2016-01-19 18:05:54,461 connected: local:/127.0.0.1:61613, remote:/127.0.0.1:51365
2016-01-19 18:10:29,606 Shutting connection '/0:0:0:0:0:0:0:1%0:51364'  down due to: java.io.EOFException: Peer disconnected
2016-01-19 18:10:29,635 disconnected: local:/0:0:0:0:0:0:0:1%0:61613, remote:/0:0:0:0:0:0:0:1%0:51364
2016-01-19 18:10:34,463 disconnected: local:/127.0.0.1:61613, remote:/127.0.0.1:51365
2016-01-19 18:10:34,955 disconnected: local:/127.0.0.1:61613, remote:/127.0.0.1:51358
2016-01-19 18:11:50,763 disconnected: local:/0:0:0:0:0:0:0:1%0:61613, remote:/0:0:0:0:0:0:0:1%0:51359
2016-01-19 19:23:37,711 connected: local:/0:0:0:0:0:0:0:1%0:61613, remote:/0:0:0:0:0:0:0:1%0:51737
2016-01-19 19:23:37,724 connected: local:/0:0:0:0:0:0:0:1%0:61613, remote:/0:0:0:0:0:0:0:1%0:51737
2016-01-19 19:23:44,549 connected: local:/0:0:0:0:0:0:0:1%0:61613, remote:/0:0:0:0:0:0:0:1%0:51738
2016-01-19 19:23:44,549 connected: local:/0:0:0:0:0:0:0:1%0:61613, remote:/0:0:0:0:0:0:0:1%0:51738
2016-01-19 19:23:58,565 disconnected: local:/0:0:0:0:0:0:0:1%0:61613, remote:/0:0:0:0:0:0:0:1%0:51737
2016-01-19 19:23:58,689 Shutting connection '/0:0:0:0:0:0:0:1%0:51738'  down due to: java.io.EOFException: Peer disconnected
2016-01-19 19:23:58,690 disconnected: local:/0:0:0:0:0:0:0:1%0:61613, remote:/0:0:0:0:0:0:0:1%0:51738
2016-01-21 16:50:16,007 connected: local:/0:0:0:0:0:0:0:1%0:61613, remote:/0:0:0:0:0:0:0:1%0:52979
2016-01-21 16:50:16,076 connected: local:/0:0:0:0:0:0:0:1%0:61613, remote:/0:0:0:0:0:0:0:1%0:52979
2016-01-21 16:50:16,357 Shutting connection '/0:0:0:0:0:0:0:1%0:52979'  down due to: java.io.EOFException: Peer disconnected
2016-01-21 16:50:16,395 disconnected: local:/0:0:0:0:0:0:0:1%0:61613, remote:/0:0:0:0:0:0:0:1%0:52979
2016-01-21 16:51:15,568 connected: local:/0:0:0:0:0:0:0:1%0:61613, remote:/0:0:0:0:0:0:0:1%0:52981
2016-01-21 16:51:15,589 connected: local:/0:0:0:0:0:0:0:1%0:61613, remote:/0:0:0:0:0:0:0:1%0:52981
2016-01-21 16:52:33,417 connected: local:/0:0:0:0:0:0:0:1%0:61613, remote:/0:0:0:0:0:0:0:1%0:52985
2016-01-21 16:52:33,437 connected: local:/0:0:0:0:0:0:0:1%0:61613, remote:/0:0:0:0:0:0:0:1%0:52985
2016-01-21 16:52:33,495 Shutting connection '/0:0:0:0:0:0:0:1%0:52985'  down due to: java.io.EOFException: Peer disconnected
2016-01-21 16:52:33,496 disconnected: local:/0:0:0:0:0:0:0:1%0:61613, remote:/0:0:0:0:0:0:0:1%0:52985
2016-01-21 16:52:36,360 Shutting connection '/0:0:0:0:0:0:0:1%0:52981'  down due to: java.io.EOFException: Peer disconnected
2016-01-21 16:52:36,361 disconnected: local:/0:0:0:0:0:0:0:1%0:61613, remote:/0:0:0:0:0:0:0:1%0:52981
2016-01-21 16:53:09,500 connected: local:/0:0:0:0:0:0:0:1%0:61613, remote:/0:0:0:0:0:0:0:1%0:52987
2016-01-21 16:53:09,500 connected: local:/0:0:0:0:0:0:0:1%0:61613, remote:/0:0:0:0:0:0:0:1%0:52987
2016-01-21 16:53:14,788 connected: local:/0:0:0:0:0:0:0:1%0:61613, remote:/0:0:0:0:0:0:0:1%0:52988
2016-01-21 16:53:14,789 connected: local:/0:0:0:0:0:0:0:1%0:61613, remote:/0:0:0:0:0:0:0:1%0:52988
2016-01-21 16:53:14,793 Shutting connection '/0:0:0:0:0:0:0:1%0:52988'  down due to: java.io.EOFException: Peer disconnected
2016-01-21 16:53:14,794 disconnected: local:/0:0:0:0:0:0:0:1%0:61613, remote:/0:0:0:0:0:0:0:1%0:52988
2016-01-21 16:54:36,507 connected: local:/0:0:0:0:0:0:0:1%0:61613, remote:/0:0:0:0:0:0:0:1%0:52993
2016-01-21 16:54:36,532 connected: local:/0:0:0:0:0:0:0:1%0:61613, remote:/0:0:0:0:0:0:0:1%0:52993
2016-01-21 16:54:36,537 Shutting connection '/0:0:0:0:0:0:0:1%0:52993'  down due to: java.io.EOFException: Peer disconnected
2016-01-21 16:54:36,538 disconnected: local:/0:0:0:0:0:0:0:1%0:61613, remote:/0:0:0:0:0:0:0:1%0:52993
2016-01-21 16:54:47,028 connected: local:/0:0:0:0:0:0:0:1%0:61613, remote:/0:0:0:0:0:0:0:1%0:52994
2016-01-21 16:54:47,029 connected: local:/0:0:0:0:0:0:0:1%0:61613, remote:/0:0:0:0:0:0:0:1%0:52994
2016-01-21 16:54:47,033 STOMP connection '/0:0:0:0:0:0:0:1%0:52994' error: A subscription with identified with '/topic/event' allready exists
2016-01-21 16:54:52,036 disconnected: local:/0:0:0:0:0:0:0:1%0:61613, remote:/0:0:0:0:0:0:0:1%0:52994
2016-01-21 16:55:29,568 connected: local:/0:0:0:0:0:0:0:1%0:61613, remote:/0:0:0:0:0:0:0:1%0:52996
2016-01-21 16:55:29,590 connected: local:/0:0:0:0:0:0:0:1%0:61613, remote:/0:0:0:0:0:0:0:1%0:52996
2016-01-21 16:55:29,595 STOMP connection '/0:0:0:0:0:0:0:1%0:52996' error: A subscription with identified with '/topic/event' allready exists
2016-01-21 16:55:34,596 disconnected: local:/0:0:0:0:0:0:0:1%0:61613, remote:/0:0:0:0:0:0:0:1%0:52996
2016-01-21 16:55:58,523 connected: local:/0:0:0:0:0:0:0:1%0:61613, remote:/0:0:0:0:0:0:0:1%0:52999
2016-01-21 16:55:58,547 connected: local:/0:0:0:0:0:0:0:1%0:61613, remote:/0:0:0:0:0:0:0:1%0:52999
2016-01-21 16:55:58,552 STOMP connection '/0:0:0:0:0:0:0:1%0:52999' error: A subscription with identified with '/topic/event' allready exists
2016-01-21 16:56:03,557 disconnected: local:/0:0:0:0:0:0:0:1%0:61613, remote:/0:0:0:0:0:0:0:1%0:52999
2016-01-21 17:01:04,110 Shutting connection '/0:0:0:0:0:0:0:1%0:52987'  down due to: java.io.EOFException: Peer disconnected
2016-01-21 17:01:04,145 disconnected: local:/0:0:0:0:0:0:0:1%0:61613, remote:/0:0:0:0:0:0:0:1%0:52987
2016-01-21 17:01:16,144 connected: local:/0:0:0:0:0:0:0:1%0:61613, remote:/0:0:0:0:0:0:0:1%0:53096
2016-01-21 17:01:16,169 connected: local:/0:0:0:0:0:0:0:1%0:61613, remote:/0:0:0:0:0:0:0:1%0:53096
2016-01-21 17:01:18,619 connected: local:/0:0:0:0:0:0:0:1%0:61613, remote:/0:0:0:0:0:0:0:1%0:53097
2016-01-21 17:01:18,620 connected: local:/0:0:0:0:0:0:0:1%0:61613, remote:/0:0:0:0:0:0:0:1%0:53097
2016-01-21 17:01:18,623 STOMP connection '/0:0:0:0:0:0:0:1%0:53097' error: A subscription with identified with '/topic/event' allready exists
2016-01-21 17:01:23,624 disconnected: local:/0:0:0:0:0:0:0:1%0:61613, remote:/0:0:0:0:0:0:0:1%0:53097
2016-01-21 17:12:31,258 connected: local:/0:0:0:0:0:0:0:1%0:61613, remote:/0:0:0:0:0:0:0:1%0:53216
2016-01-21 17:12:31,282 connected: local:/0:0:0:0:0:0:0:1%0:61613, remote:/0:0:0:0:0:0:0:1%0:53216
2016-01-21 17:12:31,301 Shutting connection '/0:0:0:0:0:0:0:1%0:53216'  down due to: java.io.EOFException: Peer disconnected
2016-01-21 17:12:31,301 disconnected: local:/0:0:0:0:0:0:0:1%0:61613, remote:/0:0:0:0:0:0:0:1%0:53216
2016-01-21 17:12:42,730 connected: local:/0:0:0:0:0:0:0:1%0:61613, remote:/0:0:0:0:0:0:0:1%0:53217
2016-01-21 17:12:42,730 connected: local:/0:0:0:0:0:0:0:1%0:61613, remote:/0:0:0:0:0:0:0:1%0:53217
2016-01-21 17:12:42,738 Shutting connection '/0:0:0:0:0:0:0:1%0:53217'  down due to: java.io.EOFException: Peer disconnected
2016-01-21 17:12:42,738 disconnected: local:/0:0:0:0:0:0:0:1%0:61613, remote:/0:0:0:0:0:0:0:1%0:53217
2016-01-21 17:12:47,493 Shutting connection '/0:0:0:0:0:0:0:1%0:53096'  down due to: java.io.EOFException: Peer disconnected
2016-01-21 17:12:47,494 disconnected: local:/0:0:0:0:0:0:0:1%0:61613, remote:/0:0:0:0:0:0:0:1%0:53096
2016-01-21 17:12:49,123 connected: local:/0:0:0:0:0:0:0:1%0:61613, remote:/0:0:0:0:0:0:0:1%0:53218
2016-01-21 17:12:49,124 connected: local:/0:0:0:0:0:0:0:1%0:61613, remote:/0:0:0:0:0:0:0:1%0:53218
2016-01-21 17:12:50,640 Shutting connection '/0:0:0:0:0:0:0:1%0:53218'  down due to: java.io.EOFException: Peer disconnected
2016-01-21 17:12:50,641 disconnected: local:/0:0:0:0:0:0:0:1%0:61613, remote:/0:0:0:0:0:0:0:1%0:53218
2016-01-21 17:13:21,880 connected: local:/0:0:0:0:0:0:0:1%0:61613, remote:/0:0:0:0:0:0:0:1%0:53219
2016-01-21 17:13:21,880 connected: local:/0:0:0:0:0:0:0:1%0:61613, remote:/0:0:0:0:0:0:0:1%0:53219
2016-01-21 17:13:23,083 Shutting connection '/0:0:0:0:0:0:0:1%0:53219'  down due to: java.io.EOFException: Peer disconnected
2016-01-21 17:13:23,084 disconnected: local:/0:0:0:0:0:0:0:1%0:61613, remote:/0:0:0:0:0:0:0:1%0:53219
2016-01-21 17:14:06,782 connected: local:/0:0:0:0:0:0:0:1%0:61613, remote:/0:0:0:0:0:0:0:1%0:53221
2016-01-21 17:14:06,782 connected: local:/0:0:0:0:0:0:0:1%0:61613, remote:/0:0:0:0:0:0:0:1%0:53221
2016-01-21 17:14:07,764 Shutting connection '/0:0:0:0:0:0:0:1%0:53221'  down due to: java.io.EOFException: Peer disconnected
2016-01-21 17:14:07,765 disconnected: local:/0:0:0:0:0:0:0:1%0:61613, remote:/0:0:0:0:0:0:0:1%0:53221
2016-01-21 17:15:39,025 connected: local:/0:0:0:0:0:0:0:1%0:61613, remote:/0:0:0:0:0:0:0:1%0:53222
2016-01-21 17:15:39,049 connected: local:/0:0:0:0:0:0:0:1%0:61613, remote:/0:0:0:0:0:0:0:1%0:53222
2016-01-21 17:15:40,772 Shutting connection '/0:0:0:0:0:0:0:1%0:53222'  down due to: java.io.EOFException: Peer disconnected
2016-01-21 17:15:40,772 disconnected: local:/0:0:0:0:0:0:0:1%0:61613, remote:/0:0:0:0:0:0:0:1%0:53222
2016-01-21 17:15:51,281 connected: local:/0:0:0:0:0:0:0:1%0:61613, remote:/0:0:0:0:0:0:0:1%0:53223
2016-01-21 17:15:51,282 connected: local:/0:0:0:0:0:0:0:1%0:61613, remote:/0:0:0:0:0:0:0:1%0:53223
2016-01-21 17:15:52,196 Shutting connection '/0:0:0:0:0:0:0:1%0:53223'  down due to: java.io.EOFException: Peer disconnected
2016-01-21 17:15:52,197 disconnected: local:/0:0:0:0:0:0:0:1%0:61613, remote:/0:0:0:0:0:0:0:1%0:53223
2016-01-21 17:16:09,313 connected: local:/0:0:0:0:0:0:0:1%0:61613, remote:/0:0:0:0:0:0:0:1%0:53224
2016-01-21 17:16:09,329 connected: local:/0:0:0:0:0:0:0:1%0:61613, remote:/0:0:0:0:0:0:0:1%0:53224
2016-01-21 17:16:10,012 Shutting connection '/0:0:0:0:0:0:0:1%0:53224'  down due to: java.io.EOFException: Peer disconnected
2016-01-21 17:16:10,013 disconnected: local:/0:0:0:0:0:0:0:1%0:61613, remote:/0:0:0:0:0:0:0:1%0:53224
2016-01-21 17:16:35,497 connected: local:/0:0:0:0:0:0:0:1%0:61613, remote:/0:0:0:0:0:0:0:1%0:53225
2016-01-21 17:16:35,498 connected: local:/0:0:0:0:0:0:0:1%0:61613, remote:/0:0:0:0:0:0:0:1%0:53225
2016-01-21 17:16:36,397 Shutting connection '/0:0:0:0:0:0:0:1%0:53225'  down due to: java.io.EOFException: Peer disconnected
2016-01-21 17:16:36,397 disconnected: local:/0:0:0:0:0:0:0:1%0:61613, remote:/0:0:0:0:0:0:0:1%0:53225
2016-01-21 17:17:56,041 connected: local:/0:0:0:0:0:0:0:1%0:61613, remote:/0:0:0:0:0:0:0:1%0:53249
2016-01-21 17:17:56,058 connected: local:/0:0:0:0:0:0:0:1%0:61613, remote:/0:0:0:0:0:0:0:1%0:53249
2016-01-21 17:19:18,039 connected: local:/0:0:0:0:0:0:0:1%0:61613, remote:/0:0:0:0:0:0:0:1%0:53253
2016-01-21 17:19:18,063 connected: local:/0:0:0:0:0:0:0:1%0:61613, remote:/0:0:0:0:0:0:0:1%0:53253
2016-01-21 17:19:18,068 Shutting connection '/0:0:0:0:0:0:0:1%0:53253'  down due to: java.io.EOFException: Peer disconnected
2016-01-21 17:19:18,068 disconnected: local:/0:0:0:0:0:0:0:1%0:61613, remote:/0:0:0:0:0:0:0:1%0:53253
2016-01-21 17:19:32,095 connected: local:/0:0:0:0:0:0:0:1%0:61613, remote:/0:0:0:0:0:0:0:1%0:53254
2016-01-21 17:19:32,095 connected: local:/0:0:0:0:0:0:0:1%0:61613, remote:/0:0:0:0:0:0:0:1%0:53254
2016-01-21 17:19:32,098 Shutting connection '/0:0:0:0:0:0:0:1%0:53254'  down due to: java.io.EOFException: Peer disconnected
2016-01-21 17:19:32,099 disconnected: local:/0:0:0:0:0:0:0:1%0:61613, remote:/0:0:0:0:0:0:0:1%0:53254
2016-01-21 17:19:51,203 connected: local:/0:0:0:0:0:0:0:1%0:61613, remote:/0:0:0:0:0:0:0:1%0:53255
2016-01-21 17:19:51,221 connected: local:/0:0:0:0:0:0:0:1%0:61613, remote:/0:0:0:0:0:0:0:1%0:53255
2016-01-21 17:19:51,224 STOMP connection '/0:0:0:0:0:0:0:1%0:53255' error: A subscription with identified with '/queue/que1' allready exists
2016-01-21 17:19:56,226 disconnected: local:/0:0:0:0:0:0:0:1%0:61613, remote:/0:0:0:0:0:0:0:1%0:53255
2016-01-21 17:20:04,148 connected: local:/0:0:0:0:0:0:0:1%0:61613, remote:/0:0:0:0:0:0:0:1%0:53256
2016-01-21 17:20:04,148 connected: local:/0:0:0:0:0:0:0:1%0:61613, remote:/0:0:0:0:0:0:0:1%0:53256
2016-01-21 17:20:04,151 STOMP connection '/0:0:0:0:0:0:0:1%0:53256' error: A subscription with identified with '/queue/que1' allready exists
2016-01-21 17:20:09,153 disconnected: local:/0:0:0:0:0:0:0:1%0:61613, remote:/0:0:0:0:0:0:0:1%0:53256
2016-01-21 17:21:38,549 connected: local:/0:0:0:0:0:0:0:1%0:61613, remote:/0:0:0:0:0:0:0:1%0:53296
2016-01-21 17:21:38,572 connected: local:/0:0:0:0:0:0:0:1%0:61613, remote:/0:0:0:0:0:0:0:1%0:53296
2016-01-21 17:21:38,575 STOMP connection '/0:0:0:0:0:0:0:1%0:53296' error: A subscription with identified with '/queue/que1' allready exists
2016-01-21 17:21:43,578 disconnected: local:/0:0:0:0:0:0:0:1%0:61613, remote:/0:0:0:0:0:0:0:1%0:53296
2016-01-21 17:23:37,076 connected: local:/0:0:0:0:0:0:0:1%0:61613, remote:/0:0:0:0:0:0:0:1%0:53298
2016-01-21 17:23:37,101 connected: local:/0:0:0:0:0:0:0:1%0:61613, remote:/0:0:0:0:0:0:0:1%0:53298
2016-01-21 17:23:37,104 STOMP connection '/0:0:0:0:0:0:0:1%0:53298' error: Unsupported ack mode: conn
2016-01-21 17:23:42,106 disconnected: local:/0:0:0:0:0:0:0:1%0:61613, remote:/0:0:0:0:0:0:0:1%0:53298
2016-01-21 17:24:51,082 connected: local:/0:0:0:0:0:0:0:1%0:61613, remote:/0:0:0:0:0:0:0:1%0:53299
2016-01-21 17:24:51,106 connected: local:/0:0:0:0:0:0:0:1%0:61613, remote:/0:0:0:0:0:0:0:1%0:53299
2016-01-21 17:24:51,109 STOMP connection '/0:0:0:0:0:0:0:1%0:53299' error: Unsupported ack mode: conn
2016-01-21 17:24:56,110 disconnected: local:/0:0:0:0:0:0:0:1%0:61613, remote:/0:0:0:0:0:0:0:1%0:53299
2016-01-21 17:25:55,307 connected: local:/0:0:0:0:0:0:0:1%0:61613, remote:/0:0:0:0:0:0:0:1%0:53301
2016-01-21 17:25:55,332 connected: local:/0:0:0:0:0:0:0:1%0:61613, remote:/0:0:0:0:0:0:0:1%0:53301
2016-01-21 17:25:55,335 STOMP connection '/0:0:0:0:0:0:0:1%0:53301' error: Unsupported ack mode: conn
2016-01-21 17:26:00,336 disconnected: local:/0:0:0:0:0:0:0:1%0:61613, remote:/0:0:0:0:0:0:0:1%0:53301
2016-01-21 17:26:08,348 connected: local:/0:0:0:0:0:0:0:1%0:61613, remote:/0:0:0:0:0:0:0:1%0:53302
2016-01-21 17:26:08,348 connected: local:/0:0:0:0:0:0:0:1%0:61613, remote:/0:0:0:0:0:0:0:1%0:53302
2016-01-21 17:29:36,959 disconnected: local:/0:0:0:0:0:0:0:1%0:61613, remote:/0:0:0:0:0:0:0:1%0:53249
2016-01-21 17:29:36,964 Shutting connection '/0:0:0:0:0:0:0:1%0:53302'  down due to: java.io.EOFException: Peer disconnected
2016-01-21 17:29:36,999 disconnected: local:/0:0:0:0:0:0:0:1%0:61613, remote:/0:0:0:0:0:0:0:1%0:53302
2016-01-21 17:38:26,492 connected: local:/0:0:0:0:0:0:0:1%0:61613, remote:/0:0:0:0:0:0:0:1%0:53330
2016-01-21 17:38:26,515 connected: local:/0:0:0:0:0:0:0:1%0:61613, remote:/0:0:0:0:0:0:0:1%0:53330
2016-01-21 17:38:26,534 Shutting connection '/0:0:0:0:0:0:0:1%0:53330'  down due to: java.io.EOFException: Peer disconnected
2016-01-21 17:38:26,535 disconnected: local:/0:0:0:0:0:0:0:1%0:61613, remote:/0:0:0:0:0:0:0:1%0:53330
2016-01-21 17:38:29,484 connected: local:/0:0:0:0:0:0:0:1%0:61613, remote:/0:0:0:0:0:0:0:1%0:53331
2016-01-21 17:38:29,485 connected: local:/0:0:0:0:0:0:0:1%0:61613, remote:/0:0:0:0:0:0:0:1%0:53331
2016-01-21 17:38:36,586 connected: local:/0:0:0:0:0:0:0:1%0:61613, remote:/0:0:0:0:0:0:0:1%0:53332
2016-01-21 17:38:36,605 connected: local:/0:0:0:0:0:0:0:1%0:61613, remote:/0:0:0:0:0:0:0:1%0:53332
2016-01-21 17:38:36,610 Shutting connection '/0:0:0:0:0:0:0:1%0:53332'  down due to: java.io.EOFException: Peer disconnected
2016-01-21 17:38:36,610 disconnected: local:/0:0:0:0:0:0:0:1%0:61613, remote:/0:0:0:0:0:0:0:1%0:53332
2016-01-21 17:38:48,362 connected: local:/0:0:0:0:0:0:0:1%0:61613, remote:/0:0:0:0:0:0:0:1%0:53333
2016-01-21 17:38:48,362 connected: local:/0:0:0:0:0:0:0:1%0:61613, remote:/0:0:0:0:0:0:0:1%0:53333
2016-01-21 17:39:21,151 disconnected: local:/0:0:0:0:0:0:0:1%0:61613, remote:/0:0:0:0:0:0:0:1%0:53331
2016-01-21 17:39:21,152 Shutting connection '/0:0:0:0:0:0:0:1%0:53333'  down due to: java.io.EOFException: Peer disconnected
2016-01-21 17:39:21,153 disconnected: local:/0:0:0:0:0:0:0:1%0:61613, remote:/0:0:0:0:0:0:0:1%0:53333
2016-01-21 17:44:51,068 connected: local:/0:0:0:0:0:0:0:1%0:61613, remote:/0:0:0:0:0:0:0:1%0:53362
2016-01-21 17:44:51,090 connected: local:/0:0:0:0:0:0:0:1%0:61613, remote:/0:0:0:0:0:0:0:1%0:53362
2016-01-21 17:44:53,132 connected: local:/0:0:0:0:0:0:0:1%0:61613, remote:/0:0:0:0:0:0:0:1%0:53363
2016-01-21 17:44:53,133 connected: local:/0:0:0:0:0:0:0:1%0:61613, remote:/0:0:0:0:0:0:0:1%0:53363
2016-01-21 17:45:08,074 disconnected: local:/0:0:0:0:0:0:0:1%0:61613, remote:/0:0:0:0:0:0:0:1%0:53363
2016-01-21 17:45:08,079 Shutting connection '/0:0:0:0:0:0:0:1%0:53362'  down due to: java.io.EOFException: Peer disconnected
2016-01-21 17:45:08,091 disconnected: local:/0:0:0:0:0:0:0:1%0:61613, remote:/0:0:0:0:0:0:0:1%0:53362
2016-01-21 17:53:36,379 connected: local:/0:0:0:0:0:0:0:1%0:61613, remote:/0:0:0:0:0:0:0:1%0:53491
2016-01-21 17:53:36,397 connected: local:/0:0:0:0:0:0:0:1%0:61613, remote:/0:0:0:0:0:0:0:1%0:53491
2016-01-21 17:53:58,831 connected: local:/0:0:0:0:0:0:0:1%0:61613, remote:/0:0:0:0:0:0:0:1%0:53493
2016-01-21 17:53:58,831 connected: local:/0:0:0:0:0:0:0:1%0:61613, remote:/0:0:0:0:0:0:0:1%0:53493
2016-01-21 17:54:34,887 Shutting connection '/0:0:0:0:0:0:0:1%0:53491'  down due to: java.io.EOFException: Peer disconnected
2016-01-21 17:54:34,896 disconnected: local:/0:0:0:0:0:0:0:1%0:61613, remote:/0:0:0:0:0:0:0:1%0:53491
2016-01-21 17:54:34,896 disconnected: local:/0:0:0:0:0:0:0:1%0:61613, remote:/0:0:0:0:0:0:0:1%0:53493
